[debug] [2020-03-21T12:16:31.604Z] ----------------------------------------------------------------------
[debug] [2020-03-21T12:16:31.606Z] Command:       /usr/local/bin/node /usr/local/bin/firebase init
[debug] [2020-03-21T12:16:31.606Z] CLI Version:   7.15.1
[debug] [2020-03-21T12:16:31.606Z] Platform:      darwin
[debug] [2020-03-21T12:16:31.606Z] Node Version:  v12.16.1
[debug] [2020-03-21T12:16:31.607Z] Time:          Sat Mar 21 2020 13:16:31 GMT+0100 (GMT+01:00)
[debug] [2020-03-21T12:16:31.607Z] ----------------------------------------------------------------------
[debug] [2020-03-21T12:16:31.607Z] 
[debug] [2020-03-21T12:16:31.614Z] > command requires scopes: ["email","openid","https://www.googleapis.com/auth/cloudplatformprojects.readonly","https://www.googleapis.com/auth/firebase","https://www.googleapis.com/auth/cloud-platform"]
[debug] [2020-03-21T12:16:31.615Z] > authorizing via signed-in user
[info] 
     ######## #### ########  ######## ########     ###     ######  ########
     ##        ##  ##     ## ##       ##     ##  ##   ##  ##       ##
     ######    ##  ########  ######   ########  #########  ######  ######
     ##        ##  ##    ##  ##       ##     ## ##     ##       ## ##
     ##       #### ##     ## ######## ########  ##     ##  ######  ########

You're about to initialize a Firebase project in this directory:

  /Users/maihiro/Documents/Dev/CoBee/cobee/WebApp

[info] 
=== Project Setup
[info] 
[info] First, let's associate this project directory with a Firebase project.
[info] You can create multiple project aliases by running firebase use --add, 
[info] but for now we'll just set up a default project.
[info] 
[debug] [2020-03-21T12:17:19.003Z] > refreshing access token with scopes: ["email","https://www.googleapis.com/auth/cloud-platform","https://www.googleapis.com/auth/cloudplatformprojects.readonly","https://www.googleapis.com/auth/firebase","openid"]
[debug] [2020-03-21T12:17:19.003Z] >>> HTTP REQUEST POST https://www.googleapis.com/oauth2/v3/token  
 <request body omitted>
[debug] [2020-03-21T12:17:19.215Z] <<< HTTP RESPONSE 200
[debug] [2020-03-21T12:17:19.235Z] >>> HTTP REQUEST GET https://firebase.googleapis.com/v1beta1/projects?pageSize=100  
 
[debug] [2020-03-21T12:17:19.642Z] <<< HTTP RESPONSE 200
[info] i  Using project cobee-529e3 (CoBee)
[info] 
=== Database Setup
[info] 
[info] Firebase Realtime Database Rules allow you to define how your data should be
[info] structured and when your data can be read from and written to.
[info] 
[debug] [2020-03-21T12:17:27.197Z] >>> HTTP REQUEST GET https://cobee-529e3.firebaseio.com/.settings/rules.json  
 
[debug] [2020-03-21T12:17:28.091Z] <<< HTTP RESPONSE 200
[info] ✔  Database Rules for cobee-529e3 have been downloaded to database.rules.json.
[info] Future modifications to database.rules.json will update Database Rules when you run
[info] firebase deploy.
[info] 
=== Hosting Setup
[info] 
[info] Your public directory is the folder (relative to your project directory) that
[info] will contain Hosting assets to be uploaded with firebase deploy. If you
[info] have a build process for your assets, use your build's output directory.
[info] 
